<?xml version="1.0" encoding="UTF-8"?>
<testng-results ignored="1" total="8" passed="6" failed="1" skipped="0">
  <reporter-output>
  </reporter-output>
  <suite started-at="2024-03-07T19:27:49 EST" name="All Test Suite" finished-at="2024-03-07T19:27:49 EST" duration-ms="130">
    <groups>
      <group name="Smoke">
        <method signature="Day1.Demo1()[pri:0, instance:testPackage.Day1@8b87145]" name="Demo1" class="testPackage.Day1"/>
        <method signature="Day2.Test2()[pri:0, instance:testPackage.Day2@517cd4b]" name="Test2" class="testPackage.Day2"/>
      </group> <!-- Smoke -->
    </groups>
    <test started-at="2024-03-07T19:27:49 EST" name="C:/Users/maxtr/IdeaProjects/TestNGTutorial" finished-at="2024-03-07T19:27:49 EST" duration-ms="40">
      <class name="testPackage.Day1">
        <test-method signature="Demo3(java.lang.String)[pri:0, instance:testPackage.Day1@8b87145]" started-at="2024-03-07T19:27:49 EST" name="Demo3" finished-at="2024-03-07T19:27:49 EST" duration-ms="4" status="PASS">
          <params>
            <param index="0">
              <value>
                <![CDATA[google.com]]>
              </value>
            </param>
          </params>
          <reporter-output>
          </reporter-output>
        </test-method> <!-- Demo3 -->
        <test-method signature="Demo2()[pri:0, instance:testPackage.Day1@8b87145]" started-at="2024-03-07T19:27:49 EST" name="Demo2" finished-at="2024-03-07T19:27:49 EST" duration-ms="3" status="PASS">
          <reporter-output>
          </reporter-output>
        </test-method> <!-- Demo2 -->
        <test-method signature="Demo1()[pri:0, instance:testPackage.Day1@8b87145]" started-at="2024-03-07T19:27:49 EST" name="Demo1" finished-at="2024-03-07T19:27:49 EST" depends-on-methods="testPackage.Day1.Demo3" duration-ms="0" status="PASS">
          <reporter-output>
          </reporter-output>
        </test-method> <!-- Demo1 -->
        <test-method is-config="true" signature="TestAfter()[pri:0, instance:testPackage.Day1@8b87145]" started-at="2024-03-07T19:27:49 EST" name="TestAfter" finished-at="2024-03-07T19:27:49 EST" duration-ms="1" status="PASS">
          <reporter-output>
          </reporter-output>
        </test-method> <!-- TestAfter -->
      </class> <!-- testPackage.Day1 -->
    </test> <!-- C:/Users/maxtr/IdeaProjects/TestNGTutorial -->
    <test started-at="2024-03-07T19:27:49 EST" name="Test" finished-at="2024-03-07T19:27:49 EST" duration-ms="15">
      <class name="testPackage.Day2">
        <test-method is-config="true" signature="TestBefore()[pri:0, instance:testPackage.Day2@517cd4b]" started-at="2024-03-07T19:27:49 EST" name="TestBefore" finished-at="2024-03-07T19:27:49 EST" duration-ms="0" status="PASS">
          <reporter-output>
          </reporter-output>
        </test-method> <!-- TestBefore -->
        <test-method signature="Test1(java.lang.String, java.lang.String)[pri:0, instance:testPackage.Day2@517cd4b]" started-at="2024-03-07T19:27:49 EST" name="Test1" data-provider="getData" finished-at="2024-03-07T19:27:49 EST" duration-ms="1" status="PASS">
          <params>
            <param index="0">
              <value>
                <![CDATA[plan1]]>
              </value>
            </param>
            <param index="1">
              <value>
                <![CDATA[option1]]>
              </value>
            </param>
          </params>
          <reporter-output>
          </reporter-output>
        </test-method> <!-- Test1 -->
        <test-method signature="Test1(java.lang.String, java.lang.String)[pri:0, instance:testPackage.Day2@517cd4b]" started-at="2024-03-07T19:27:49 EST" name="Test1" data-provider="getData" finished-at="2024-03-07T19:27:49 EST" duration-ms="0" status="PASS">
          <params>
            <param index="0">
              <value>
                <![CDATA[plan2]]>
              </value>
            </param>
            <param index="1">
              <value>
                <![CDATA[option2]]>
              </value>
            </param>
          </params>
          <reporter-output>
          </reporter-output>
        </test-method> <!-- Test1 -->
        <test-method signature="Test1(java.lang.String, java.lang.String)[pri:0, instance:testPackage.Day2@517cd4b]" started-at="2024-03-07T19:27:49 EST" name="Test1" data-provider="getData" finished-at="2024-03-07T19:27:49 EST" duration-ms="0" status="PASS">
          <params>
            <param index="0">
              <value>
                <![CDATA[plan3]]>
              </value>
            </param>
            <param index="1">
              <value>
                <![CDATA[option3]]>
              </value>
            </param>
          </params>
          <reporter-output>
          </reporter-output>
        </test-method> <!-- Test1 -->
        <test-method signature="Test2()[pri:0, instance:testPackage.Day2@517cd4b]" started-at="2024-03-07T19:27:49 EST" name="Test2" finished-at="2024-03-07T19:27:49 EST" duration-ms="3" status="FAIL">
          <exception class="java.lang.AssertionError">
            <message>
              <![CDATA[expected [true] but found [false]]]>
            </message>
            <full-stacktrace>
              <![CDATA[java.lang.AssertionError: expected [true] but found [false]
at org.testng.Assert.fail(Assert.java:97)
at org.testng.Assert.failNotEquals(Assert.java:969)
at org.testng.Assert.assertTrue(Assert.java:43)
at org.testng.Assert.assertTrue(Assert.java:53)
at testPackage.Day2.Test2(Day2.java:22)
at java.base/jdk.internal.reflect.NativeMethodAccessorImpl.invoke0(Native Method)
at java.base/jdk.internal.reflect.NativeMethodAccessorImpl.invoke(NativeMethodAccessorImpl.java:77)
at java.base/jdk.internal.reflect.DelegatingMethodAccessorImpl.invoke(DelegatingMethodAccessorImpl.java:43)
at java.base/java.lang.reflect.Method.invoke(Method.java:568)
at org.testng.internal.MethodInvocationHelper.invokeMethod(MethodInvocationHelper.java:134)
at org.testng.internal.TestInvoker.invokeMethod(TestInvoker.java:597)
at org.testng.internal.TestInvoker.invokeTestMethod(TestInvoker.java:173)
at org.testng.internal.MethodRunner.runInSequence(MethodRunner.java:46)
at org.testng.internal.TestInvoker$MethodInvocationAgent.invoke(TestInvoker.java:816)
at org.testng.internal.TestInvoker.invokeTestMethods(TestInvoker.java:146)
at org.testng.internal.TestMethodWorker.invokeTestMethods(TestMethodWorker.java:146)
at org.testng.internal.TestMethodWorker.run(TestMethodWorker.java:128)
at java.base/java.util.ArrayList.forEach(ArrayList.java:1511)
at org.testng.TestRunner.privateRun(TestRunner.java:766)
at org.testng.TestRunner.run(TestRunner.java:587)
at org.testng.SuiteRunner.runTest(SuiteRunner.java:384)
at org.testng.SuiteRunner.runSequentially(SuiteRunner.java:378)
at org.testng.SuiteRunner.privateRun(SuiteRunner.java:337)
at org.testng.SuiteRunner.run(SuiteRunner.java:286)
at org.testng.SuiteRunnerWorker.runSuite(SuiteRunnerWorker.java:53)
at org.testng.SuiteRunnerWorker.run(SuiteRunnerWorker.java:96)
at org.testng.TestNG.runSuitesSequentially(TestNG.java:1187)
at org.testng.TestNG.runSuitesLocally(TestNG.java:1109)
at org.testng.TestNG.runSuites(TestNG.java:1039)
at org.testng.TestNG.run(TestNG.java:1007)
at com.intellij.rt.testng.IDEARemoteTestNG.run(IDEARemoteTestNG.java:66)
at com.intellij.rt.testng.RemoteTestNGStarter.main(RemoteTestNGStarter.java:109)
]]>
            </full-stacktrace>
          </exception> <!-- java.lang.AssertionError -->
          <reporter-output>
          </reporter-output>
        </test-method> <!-- Test2 -->
      </class> <!-- testPackage.Day2 -->
    </test> <!-- Test -->
  </suite> <!-- All Test Suite -->
</testng-results>
